<?xml version="1.0" encoding="UTF-8"?>
<Site BuildName="(empty)"
	BuildStamp="20240307-1042-Experimental"
	Name="(empty)"
	Generator="ctest-3.27.4"
	CompilerName=""
	CompilerVersion=""
	OSName="macOS"
	Hostname="Luiss-MBP.attlocal.net"
	OSRelease="12.6.8"
	OSVersion="21G725"
	OSPlatform="x86_64"
	Is64Bits="1"
	VendorString="GenuineIntel"
	VendorID="Intel Corporation"
	FamilyID="6"
	ModelID="61"
	ProcessorCacheSize="32768"
	NumberOfLogicalCPU="4"
	NumberOfPhysicalCPU="2"
	TotalVirtualMemory="1024"
	TotalPhysicalMemory="16384"
	LogicalProcessorsPerPhysical="8"
	ProcessorClockFrequency="2700"
	>
	<Testing>
		<StartDateTime>Mar 07 03:47 PST</StartDateTime>
		<StartTestTime>1709812076</StartTestTime>
		<TestList/>
		<EndDateTime>Mar 07 03:47 PST</EndDateTime>
		<EndTestTime>1709812076</EndTestTime>
		<ElapsedMinutes>0</ElapsedMinutes>
	</Testing>
</Site>
